<?xml version="1.0" encoding="UTF-8"?>
<testng-results skipped="0" failed="0" ignored="0" total="1" passed="1">
  <reporter-output>
  </reporter-output>
  <suite name="Default suite" duration-ms="26285" started-at="2021-03-30T09:55:41Z" finished-at="2021-03-30T09:56:07Z">
    <groups>
    </groups>
    <test name="Default test" duration-ms="26285" started-at="2021-03-30T09:55:41Z" finished-at="2021-03-30T09:56:07Z">
      <class name="Interview_Questions.Auto_suggestions">
        <test-method status="PASS" signature="Auto_Suggest()[pri:0, instance:Interview_Questions.Auto_suggestions@58651fd0]" name="Auto_Suggest" duration-ms="26247" started-at="2021-03-30T15:25:41Z" finished-at="2021-03-30T15:26:07Z">
          <reporter-output>
          </reporter-output>
        </test-method> <!-- Auto_Suggest -->
      </class> <!-- Interview_Questions.Auto_suggestions -->
    </test> <!-- Default test -->
  </suite> <!-- Default suite -->
</testng-results>
