<?xml version="1.0" encoding="UTF-8"?>
<!-- Generated by org.testng.reporters.JUnitXMLReporter -->
<testsuite hostname="PrathibaSuresh" ignored="2" name="Test" tests="3" failures="0" timestamp="30 Mar 2021 05:54:53 GMT" time="0.051" errors="0">
  <testcase name="test3" time="0.016" classname="Grouping_Example.Groups1"/>
  <testcase name="test4" time="0.0" classname="Grouping_Example.Groups1"/>
  <testcase name="test5" time="0.0" classname="Grouping_Example.Groups1"/>
  <testcase name="test2" time="0.0" classname="Grouping_Example.Groups1">
    <ignored/>
  </testcase> <!-- test2 -->
  <testcase name="test1" time="0.0" classname="Grouping_Example.Groups1">
    <ignored/>
  </testcase> <!-- test1 -->
</testsuite> <!-- Test -->
