<?xml version="1.0" encoding="UTF-8"?>
<!-- Generated by org.testng.reporters.JUnitXMLReporter -->
<testsuite hostname="PrathibaSuresh" ignored="3" name="Test1" tests="2" failures="0" timestamp="30 Mar 2021 06:15:16 GMT" time="0.054" errors="0">
  <testcase name="test1" time="0.016" classname="Grouping_Example.Groups1"/>
  <testcase name="test2" time="0.0" classname="Grouping_Example.Groups1"/>
  <testcase name="test3" time="0.0" classname="Grouping_Example.Groups1">
    <ignored/>
  </testcase> <!-- test3 -->
  <testcase name="test5" time="0.0" classname="Grouping_Example.Groups1">
    <ignored/>
  </testcase> <!-- test5 -->
  <testcase name="test4" time="0.0" classname="Grouping_Example.Groups1">
    <ignored/>
  </testcase> <!-- test4 -->
</testsuite> <!-- Test1 -->
